<?xml version="1.0" encoding="UTF-8"?>
<robot generator="Robot 7.0 (Python 3.9.6 on darwin)" generated="2024-02-08T00:48:55.556344" rpa="false" schemaversion="5">
<suite id="s1" name="validLogin" source="/Users/cotta/workspace/environments/test/jenkins-ci/Tests/login/validLogin.robot">
<kw name="Begin Web Test" owner="common" type="SETUP">
<kw name="Evaluate" owner="BuiltIn">
<msg time="2024-02-08T00:48:55.640489" level="INFO">${options} = &lt;selenium.webdriver.chrome.options.Options object at 0x104714fa0&gt;</msg>
<var>${options}</var>
<arg>sys.modules['selenium.webdriver'].ChromeOptions()</arg>
<arg>sys</arg>
<doc>Evaluates the given expression in Python and returns the result.</doc>
<status status="PASS" start="2024-02-08T00:48:55.640324" elapsed="0.000187"/>
</kw>
<kw name="Call Method" owner="BuiltIn">
<arg>${options}</arg>
<arg>add_argument</arg>
<arg>--disable-popup-blocking</arg>
<doc>Calls the named method of the given object with the provided arguments.</doc>
<status status="PASS" start="2024-02-08T00:48:55.640593" elapsed="0.000081"/>
</kw>
<kw name="Call Method" owner="BuiltIn">
<arg>${options}</arg>
<arg>add_argument</arg>
<arg>--ignore-certificate-errors</arg>
<doc>Calls the named method of the given object with the provided arguments.</doc>
<status status="PASS" start="2024-02-08T00:48:55.640735" elapsed="0.000071"/>
</kw>
<kw name="Open Browser" owner="SeleniumLibrary">
<msg time="2024-02-08T00:48:55.641031" level="INFO">Opening browser 'chrome' to base url 'about:blank'.</msg>
<arg>about:blank</arg>
<arg>${BROWSER}</arg>
<arg>options=${options}</arg>
<doc>Opens a new browser instance to the optional ``url``.</doc>
<status status="PASS" start="2024-02-08T00:48:55.640887" elapsed="1.406942"/>
</kw>
<status status="PASS" start="2024-02-08T00:48:55.639889" elapsed="1.408190"/>
</kw>
<test id="s1-t1" name="Student successfully logs in with valid credentials" line="13">
<kw name="Insert Testing Data" owner="common" type="SETUP">
<kw name="Log" owner="BuiltIn">
<msg time="2024-02-08T00:48:57.049101" level="INFO">I am inserting test data ...</msg>
<arg>I am inserting test data ...</arg>
<doc>Logs the given message with the given level.</doc>
<status status="PASS" start="2024-02-08T00:48:57.048999" elapsed="0.000139"/>
</kw>
<status status="PASS" start="2024-02-08T00:48:57.048798" elapsed="0.000385"/>
</kw>
<kw name="Given user loads site" owner="login">
<kw name="Go To" owner="SeleniumLibrary">
<msg time="2024-02-08T00:48:57.049585" level="INFO">Opening url 'https://practicetestautomation.com/practice-test-login/'</msg>
<arg>${LOGIN_URL}</arg>
<doc>Navigates the current browser window to the provided ``url``.</doc>
<status status="PASS" start="2024-02-08T00:48:57.049495" elapsed="2.758699"/>
</kw>
<status status="PASS" start="2024-02-08T00:48:57.049347" elapsed="2.758967"/>
</kw>
<kw name="And user maximizes browser" owner="login">
<kw name="Maximize Browser Window" owner="SeleniumLibrary">
<doc>Maximizes current browser window.</doc>
<status status="PASS" start="2024-02-08T00:48:59.808928" elapsed="4.497472"/>
</kw>
<status status="PASS" start="2024-02-08T00:48:59.808668" elapsed="4.498015"/>
</kw>
<kw name="And user verifies site loads" owner="login">
<kw name="Wait Until Page Contains" owner="SeleniumLibrary">
<arg>Test Login</arg>
<arg>3s</arg>
<doc>Waits until ``text`` appears on the current page.</doc>
<status status="PASS" start="2024-02-08T00:49:04.307775" elapsed="0.022387"/>
</kw>
<status status="PASS" start="2024-02-08T00:49:04.307237" elapsed="0.023241"/>
</kw>
<kw name="When user inputs valid username" owner="login">
<kw name="Click Element" owner="SeleniumLibrary">
<msg time="2024-02-08T00:49:04.332386" level="INFO">Clicking element '//*[@id="username"]'.</msg>
<arg>${username_field}</arg>
<doc>Click the element identified by ``locator``.</doc>
<status status="PASS" start="2024-02-08T00:49:04.331936" elapsed="0.041715"/>
</kw>
<kw name="Sleep" owner="BuiltIn">
<msg time="2024-02-08T00:49:06.376547" level="INFO">Slept 2 seconds.</msg>
<arg>2s</arg>
<doc>Pauses the test executed for the given time.</doc>
<status status="PASS" start="2024-02-08T00:49:04.373831" elapsed="2.002958"/>
</kw>
<kw name="Input Text" owner="SeleniumLibrary">
<msg time="2024-02-08T00:49:06.377646" level="INFO">Typing text 'student' into text field '//*[@id="username"]'.</msg>
<arg>${username_field}</arg>
<arg>${username}</arg>
<doc>Types the given ``text`` into the text field identified by ``locator``.</doc>
<status status="PASS" start="2024-02-08T00:49:06.377170" elapsed="0.105185"/>
</kw>
<arg>${username_field}</arg>
<arg>${username[0]}</arg>
<status status="PASS" start="2024-02-08T00:49:04.330920" elapsed="2.151539"/>
</kw>
<kw name="And user inputs valid password" owner="login">
<kw name="Click Element" owner="SeleniumLibrary">
<msg time="2024-02-08T00:49:06.483296" level="INFO">Clicking element '//*[@id="password"]'.</msg>
<arg>${password_field}</arg>
<doc>Click the element identified by ``locator``.</doc>
<status status="PASS" start="2024-02-08T00:49:06.483174" elapsed="0.023066"/>
</kw>
<kw name="Sleep" owner="BuiltIn">
<msg time="2024-02-08T00:49:08.509002" level="INFO">Slept 2 seconds.</msg>
<arg>2s</arg>
<doc>Pauses the test executed for the given time.</doc>
<status status="PASS" start="2024-02-08T00:49:06.506407" elapsed="2.003225"/>
</kw>
<kw name="Input Text" owner="SeleniumLibrary">
<msg time="2024-02-08T00:49:08.511903" level="INFO">Typing text '['Password123', 'incorrectPassword']' into text field '//*[@id="password"]'.</msg>
<arg>${password_field}</arg>
<arg>${password}</arg>
<doc>Types the given ``text`` into the text field identified by ``locator``.</doc>
<status status="PASS" start="2024-02-08T00:49:08.510650" elapsed="0.052794"/>
</kw>
<arg>${password_field}</arg>
<arg>${password[0]}</arg>
<status status="PASS" start="2024-02-08T00:49:06.482693" elapsed="2.080862"/>
</kw>
<kw name="Cleanup Testing Data" owner="common" type="TEARDOWN">
<kw name="Log" owner="BuiltIn">
<msg time="2024-02-08T00:49:08.564152" level="INFO">I am cleaning up test data ...</msg>
<arg>I am cleaning up test data ...</arg>
<doc>Logs the given message with the given level.</doc>
<status status="PASS" start="2024-02-08T00:49:08.564067" elapsed="0.000118"/>
</kw>
<status status="PASS" start="2024-02-08T00:49:08.563845" elapsed="0.000390"/>
</kw>
<tag>Executives</tag>
<status status="PASS" start="2024-02-08T00:48:57.048282" elapsed="11.516002"/>
</test>
<kw name="End Web Test" owner="common" type="TEARDOWN">
<kw name="Close Browser" owner="SeleniumLibrary">
<doc>Closes the current browser.</doc>
<status status="PASS" start="2024-02-08T00:49:08.564870" elapsed="0.074670"/>
</kw>
<status status="PASS" start="2024-02-08T00:49:08.564751" elapsed="0.074883"/>
</kw>
<status status="PASS" start="2024-02-08T00:48:55.557244" elapsed="13.082419"/>
</suite>
<statistics>
<total>
<stat pass="1" fail="0" skip="0">All Tests</stat>
</total>
<tag>
<stat pass="1" fail="0" skip="0">Executives</stat>
</tag>
<suite>
<stat pass="1" fail="0" skip="0" id="s1" name="validLogin">validLogin</stat>
</suite>
</statistics>
<errors>
</errors>
</robot>
